# JRE version: OpenJDK Runtime Environment (11.0.15) (build 11.0.15+0-b2043.56-8887301)
# Java VM: OpenJDK 64-Bit Server VM (11.0.15+0-b2043.56-8887301, mixed mode, tiered, compressed oops, g1 gc, bsd-amd64)
Heap:
 garbage-first heap   total 262144K, used 64002K [0x0000000780000000, 0x0000000800000000)
  region size 1024K, 46 young (47104K), 6 survivors (6144K)
 Metaspace       used 39480K, capacity 40414K, committed 40624K, reserved 1085440K
  class space    used 4962K, capacity 5287K, committed 5376K, reserved 1048576K
GC Heap History (8 events):
Event: 0.574 GC heap before
{Heap before GC invocations=0 (full 0):
 garbage-first heap   total 262144K, used 29696K [0x0000000780000000, 0x0000000800000000)
  region size 1024K, 24 young (24576K), 0 survivors (0K)
 Metaspace       used 9624K, capacity 9808K, committed 10112K, reserved 1058816K
  class space    used 974K, capacity 1037K, committed 1152K, reserved 1048576K
}
Event: 0.577 GC heap after
{Heap after GC invocations=1 (full 0):
 garbage-first heap   total 262144K, used 9061K [0x0000000780000000, 0x0000000800000000)
  region size 1024K, 3 young (3072K), 3 survivors (3072K)
 Metaspace       used 9624K, capacity 9808K, committed 10112K, reserved 1058816K
  class space    used 974K, capacity 1037K, committed 1152K, reserved 1048576K
}
Event: 1.594 GC heap before
{Heap before GC invocations=1 (full 0):
 garbage-first heap   total 262144K, used 101221K [0x0000000780000000, 0x0000000800000000)
  region size 1024K, 93 young (95232K), 3 survivors (3072K)
 Metaspace       used 20678K, capacity 21020K, committed 21296K, reserved 1069056K
  class space    used 2493K, capacity 2648K, committed 2688K, reserved 1048576K
}
Event: 1.605 GC heap after
{Heap after GC invocations=2 (full 0):
 garbage-first heap   total 262144K, used 16899K [0x0000000780000000, 0x0000000800000000)
  region size 1024K, 11 young (11264K), 11 survivors (11264K)
 Metaspace       used 20678K, capacity 21020K, committed 21296K, reserved 1069056K
  class space    used 2493K, capacity 2648K, committed 2688K, reserved 1048576K
}
Event: 2.119 GC heap before
{Heap before GC invocations=3 (full 0):
 garbage-first heap   total 262144K, used 65027K [0x0000000780000000, 0x0000000800000000)
  region size 1024K, 59 young (60416K), 11 survivors (11264K)
 Metaspace       used 25602K, capacity 26190K, committed 26544K, reserved 1073152K
  class space    used 3296K, capacity 3504K, committed 3584K, reserved 1048576K
}
Event: 2.126 GC heap after
{Heap after GC invocations=4 (full 0):
 garbage-first heap   total 262144K, used 18630K [0x0000000780000000, 0x0000000800000000)
  region size 1024K, 3 young (3072K), 3 survivors (3072K)
 Metaspace       used 25602K, capacity 26190K, committed 26544K, reserved 1073152K
  class space    used 3296K, capacity 3504K, committed 3584K, reserved 1048576K
}
Event: 3.041 GC heap before
{Heap before GC invocations=4 (full 0):
 garbage-first heap   total 262144K, used 90310K [0x0000000780000000, 0x0000000800000000)
  region size 1024K, 74 young (75776K), 3 survivors (3072K)
 Metaspace       used 34875K, capacity 35662K, committed 35888K, reserved 1081344K
  class space    used 4535K, capacity 4880K, committed 4992K, reserved 1048576K
}
Event: 3.048 GC heap after
{Heap after GC invocations=5 (full 0):
 garbage-first heap   total 262144K, used 22018K [0x0000000780000000, 0x0000000800000000)
  region size 1024K, 6 young (6144K), 6 survivors (6144K)
 Metaspace       used 34875K, capacity 35662K, committed 35888K, reserved 1081344K
  class space    used 4535K, capacity 4880K, committed 4992K, reserved 1048576K
}

